0 info it worked if it ends with ok
1 verbose cli [ '/Users/shibatamasakazu/.nvm/versions/node/v4.3.0/bin/node',
1 verbose cli   '/Users/shibatamasakazu/.nvm/versions/node/v4.3.0/bin/npm',
1 verbose cli   'publish' ]
2 info using npm@3.8.8
3 info using node@v4.3.0
4 verbose publish [ '.' ]
5 verbose stack Error: Failed to parse json
5 verbose stack Unexpected token '"' at 23:5
5 verbose stack     "plugin"
5 verbose stack     ^
5 verbose stack     at parseError (/Users/shibatamasakazu/.nvm/versions/node/v4.3.0/lib/node_modules/npm/node_modules/read-package-json/read-json.js:379:11)
5 verbose stack     at parseJson (/Users/shibatamasakazu/.nvm/versions/node/v4.3.0/lib/node_modules/npm/node_modules/read-package-json/read-json.js:68:23)
5 verbose stack     at /Users/shibatamasakazu/.nvm/versions/node/v4.3.0/lib/node_modules/npm/node_modules/read-package-json/read-json.js:48:5
5 verbose stack     at /Users/shibatamasakazu/.nvm/versions/node/v4.3.0/lib/node_modules/npm/node_modules/graceful-fs/graceful-fs.js:78:16
5 verbose stack     at FSReqWrap.readFileAfterClose [as oncomplete] (fs.js:380:3)
6 verbose cwd /Users/shibatamasakazu/Desktop/web/hexo-include-markdown
7 error Darwin 14.5.0
8 error argv "/Users/shibatamasakazu/.nvm/versions/node/v4.3.0/bin/node" "/Users/shibatamasakazu/.nvm/versions/node/v4.3.0/bin/npm" "publish"
9 error node v4.3.0
10 error npm  v3.8.8
11 error file /Users/shibatamasakazu/Desktop/web/hexo-include-markdown/package.json
12 error code EJSONPARSE
13 error Failed to parse json
13 error Unexpected token '"' at 23:5
13 error     "plugin"
13 error     ^
14 error File: /Users/shibatamasakazu/Desktop/web/hexo-include-markdown/package.json
15 error Failed to parse package.json data.
15 error package.json must be actual JSON, not just JavaScript.
15 error
15 error This is not a bug in npm.
15 error Tell the package author to fix their package.json file. JSON.parse
16 verbose exit [ 1, true ]
